[+] Containers:
 |- [+] Container: /Game/Level/001
 |   |- [+] ActorDescs:
 |   |   |- Guid:03920DF94EEFC9F86CC66185D32A3DA1 BaseClass: NativeClass:/Script/Engine.StaticMeshActor Name:StaticMeshActor_UAID_A4AE111137DC54FB00_1240666663 Label:SM_SkySphere SpatiallyLoaded:0 Bounds:IsValid=true, Min=(X=-4096.000 Y=-4096.000 Z=-4016.000), Max=(X=4096.000 Y=4096.000 Z=4176.000) RuntimeGrid:None EditorOnly:0 RuntimeOnly:0 HLODRelevant:0 ListedInSceneOutliner:1 IsMainWorldOnly:1 FolderPath:Lighting FolderGuid:B7E9BD5B45A652654791988DEF54CCEB
 |   |   |- Guid:062DA80C41D913B191CEAAA045BF7CC9 BaseClass: NativeClass:/Script/Engine.StaticMeshActor Name:StaticMeshActor_UAID_D843AE5530C1188802_1808997336 Label:Plane2 SpatiallyLoaded:1 Bounds:IsValid=true, Min=(X=50.000 Y=-50.000 Z=-0.000), Max=(X=50.000 Y=50.000 Z=100.000) RuntimeGrid:None EditorOnly:0 RuntimeOnly:0 HLODRelevant:1 ListedInSceneOutliner:1 IsMainWorldOnly:0
 |   |   |- Guid:1D3D26F04B6DC10BEFB5B69E5CF914C8 BaseClass: NativeClass:/Script/Engine.VolumetricCloud Name:VolumetricCloud_UAID_A85E45CFE40401D200_1470381760 Label:VolumetricCloud SpatiallyLoaded:0 Bounds:IsValid=true, Min=(X=0.000 Y=0.000 Z=160.000), Max=(X=0.000 Y=0.000 Z=160.000) RuntimeGrid:None EditorOnly:0 RuntimeOnly:0 HLODRelevant:0 ListedInSceneOutliner:1 IsMainWorldOnly:0 FolderPath:Lighting FolderGuid:B7E9BD5B45A652654791988DEF54CCEB
 |   |   |- Guid:1DE8D7AC4103A2EABA11649C7FCF8ACA BaseClass: NativeClass:/Script/Engine.SkyLight Name:SkyLight_UAID_A85E45CFE40401D200_1470380759 Label:SkyLight SpatiallyLoaded:0 Bounds:IsValid=true, Min=(X=0.000 Y=0.000 Z=200.000), Max=(X=0.000 Y=0.000 Z=200.000) RuntimeGrid:None EditorOnly:0 RuntimeOnly:0 HLODRelevant:0 ListedInSceneOutliner:1 IsMainWorldOnly:0 FolderPath:Lighting FolderGuid:B7E9BD5B45A652654791988DEF54CCEB
 |   |   |- Guid:218E3B124735712D7EF272B4FB8E7FF6 BaseClass: NativeClass:/Script/Landscape.Landscape Name:Landscape_UAID_A85E45CFE404FBD100_1221515703 Label:Landscape SpatiallyLoaded:0 Bounds:IsValid=true, Min=(X=-100800.000 Y=-100800.000 Z=100.000), Max=(X=-100800.000 Y=-100800.000 Z=100.000) RuntimeGrid:None EditorOnly:0 RuntimeOnly:0 HLODRelevant:0 ListedInSceneOutliner:1 IsMainWorldOnly:0
 |   |   |- Guid:287D0FDA4563E7B93EBAA7BF13E93E53 BaseClass:/Game/BluePrint/BP_MainCamera.BP_MainCamera_C NativeClass:/Script/Engine.CameraActor Name:BP_MainCamera_C_UAID_D843AE5530C1878902_1460208927 Label:BP_MainCamera SpatiallyLoaded:1 Bounds:IsValid=true, Min=(X=-240.000 Y=0.000 Z=50.000), Max=(X=-240.000 Y=0.000 Z=50.000) RuntimeGrid:None EditorOnly:0 RuntimeOnly:0 HLODRelevant:0 ListedInSceneOutliner:1 IsMainWorldOnly:0
 |   |   |- Guid:2CE12F874AA39D020A0F4BA5739BD305 BaseClass: NativeClass:/Script/Engine.SkyAtmosphere Name:SkyAtmosphere_UAID_A85E45CFE40401D200_1470382762 Label:SkyAtmosphere SpatiallyLoaded:0 Bounds:IsValid=true, Min=(X=0.000 Y=0.000 Z=140.000), Max=(X=0.000 Y=0.000 Z=140.000) RuntimeGrid:None EditorOnly:0 RuntimeOnly:0 HLODRelevant:0 ListedInSceneOutliner:1 IsMainWorldOnly:0 FolderPath:Lighting FolderGuid:B7E9BD5B45A652654791988DEF54CCEB
 |   |   |- Guid:41FB2C3C4ED690818E7022BC8DE0B54C BaseClass: NativeClass:/Script/Engine.StaticMeshActor Name:StaticMeshActor_UAID_D843AE5530C1188802_1698070335 Label:Plane SpatiallyLoaded:1 Bounds:IsValid=true, Min=(X=-50.000 Y=-50.000 Z=-0.000), Max=(X=50.000 Y=50.000 Z=0.000) RuntimeGrid:None EditorOnly:0 RuntimeOnly:0 HLODRelevant:1 ListedInSceneOutliner:1 IsMainWorldOnly:0
 |   |   |- Guid:5368FABB47D6D9580DAECA8B0417BF92 BaseClass: NativeClass:/Script/Engine.WorldDataLayers Name:WorldDataLayers Label:WorldDataLayers-1 SpatiallyLoaded:0 Bounds:Invalid RuntimeGrid:None EditorOnly:0 RuntimeOnly:0 HLODRelevant:0 ListedInSceneOutliner:1 IsMainWorldOnly:1
 |   |   |- Guid:962D6BE34E7839A2A94E65B8F6CE5D43 BaseClass: NativeClass:/Script/Engine.PlayerStart Name:PlayerStart_UAID_F02F74551BF5599B01_1153002503 Label:PlayerStart SpatiallyLoaded:0 Bounds:IsValid=true, Min=(X=-4.600 Y=-4.600 Z=9.420), Max=(X=4.600 Y=4.600 Z=30.580) RuntimeGrid:None EditorOnly:0 RuntimeOnly:0 HLODRelevant:0 ListedInSceneOutliner:1 IsMainWorldOnly:0 HLODLayer:/Game/Level/001_HLOD0_Instancing.001_HLOD0_Instancing
 |   |   |- Guid:AAAC6B5742760A58C2206DB37E44683C BaseClass: NativeClass:/Script/Engine.DirectionalLight Name:DirectionalLight_UAID_A85E45CFE40401D200_1470382761 Label:DirectionalLight SpatiallyLoaded:0 Bounds:Invalid RuntimeGrid:None EditorOnly:0 RuntimeOnly:0 HLODRelevant:0 ListedInSceneOutliner:1 IsMainWorldOnly:1 FolderPath:Lighting FolderGuid:B7E9BD5B45A652654791988DEF54CCEB
 |   |   |- Guid:AB3465D64D3BEA06C7C176A3DBBB87DB BaseClass: NativeClass:/Script/Engine.WorldPartitionHLOD Name:001_HLOD0_Instancing_00000000b3f6b0d5 Label:001_HLOD0_Instancing/001_MainGrid_0_0_0_0 SpatiallyLoaded:0 Bounds:IsValid=true, Min=(X=-50.000 Y=-50.000 Z=-0.000), Max=(X=50.000 Y=50.000 Z=100.000) RuntimeGrid:MainGrid:001_HLOD0_Instancing EditorOnly:0 RuntimeOnly:1 HLODRelevant:1 ListedInSceneOutliner:1 IsMainWorldOnly:0 FolderPath:HLOD/001_HLOD0_Instancing FolderGuid:743EA9A54B6993C94634CE9E6059A527
 |   |   |- Guid:D3FB7383421AAEFD3DB6F8B1E415A9FE BaseClass: NativeClass:/Script/Engine.ExponentialHeightFog Name:ExponentialHeightFog_UAID_A85E45CFE40401D200_1470382763 Label:ExponentialHeightFog SpatiallyLoaded:0 Bounds:IsValid=true, Min=(X=0.000 Y=0.000 Z=180.000), Max=(X=0.000 Y=0.000 Z=180.000) RuntimeGrid:None EditorOnly:0 RuntimeOnly:0 HLODRelevant:0 ListedInSceneOutliner:1 IsMainWorldOnly:0 FolderPath:Lighting FolderGuid:B7E9BD5B45A652654791988DEF54CCEB
 |   |- [+] Clusters:
 |   |   |- [+] [  0]
 |   |   |   |- Guid:03920DF94EEFC9F86CC66185D32A3DA1 BaseClass: NativeClass:/Script/Engine.StaticMeshActor Name:StaticMeshActor_UAID_A4AE111137DC54FB00_1240666663 Label:SM_SkySphere SpatiallyLoaded:0 Bounds:IsValid=true, Min=(X=-4096.000 Y=-4096.000 Z=-4016.000), Max=(X=4096.000 Y=4096.000 Z=4176.000) RuntimeGrid:None EditorOnly:0 RuntimeOnly:0 HLODRelevant:0 ListedInSceneOutliner:1 IsMainWorldOnly:1 FolderPath:Lighting FolderGuid:B7E9BD5B45A652654791988DEF54CCEB
 |   |   |- [+] [  1]
 |   |   |   |- Guid:062DA80C41D913B191CEAAA045BF7CC9 BaseClass: NativeClass:/Script/Engine.StaticMeshActor Name:StaticMeshActor_UAID_D843AE5530C1188802_1808997336 Label:Plane2 SpatiallyLoaded:1 Bounds:IsValid=true, Min=(X=50.000 Y=-50.000 Z=-0.000), Max=(X=50.000 Y=50.000 Z=100.000) RuntimeGrid:None EditorOnly:0 RuntimeOnly:0 HLODRelevant:1 ListedInSceneOutliner:1 IsMainWorldOnly:0
 |   |   |- [+] [  2]
 |   |   |   |- Guid:1D3D26F04B6DC10BEFB5B69E5CF914C8 BaseClass: NativeClass:/Script/Engine.VolumetricCloud Name:VolumetricCloud_UAID_A85E45CFE40401D200_1470381760 Label:VolumetricCloud SpatiallyLoaded:0 Bounds:IsValid=true, Min=(X=0.000 Y=0.000 Z=160.000), Max=(X=0.000 Y=0.000 Z=160.000) RuntimeGrid:None EditorOnly:0 RuntimeOnly:0 HLODRelevant:0 ListedInSceneOutliner:1 IsMainWorldOnly:0 FolderPath:Lighting FolderGuid:B7E9BD5B45A652654791988DEF54CCEB
 |   |   |- [+] [  3]
 |   |   |   |- Guid:1DE8D7AC4103A2EABA11649C7FCF8ACA BaseClass: NativeClass:/Script/Engine.SkyLight Name:SkyLight_UAID_A85E45CFE40401D200_1470380759 Label:SkyLight SpatiallyLoaded:0 Bounds:IsValid=true, Min=(X=0.000 Y=0.000 Z=200.000), Max=(X=0.000 Y=0.000 Z=200.000) RuntimeGrid:None EditorOnly:0 RuntimeOnly:0 HLODRelevant:0 ListedInSceneOutliner:1 IsMainWorldOnly:0 FolderPath:Lighting FolderGuid:B7E9BD5B45A652654791988DEF54CCEB
 |   |   |- [+] [  4]
 |   |   |   |- Guid:218E3B124735712D7EF272B4FB8E7FF6 BaseClass: NativeClass:/Script/Landscape.Landscape Name:Landscape_UAID_A85E45CFE404FBD100_1221515703 Label:Landscape SpatiallyLoaded:0 Bounds:IsValid=true, Min=(X=-100800.000 Y=-100800.000 Z=100.000), Max=(X=-100800.000 Y=-100800.000 Z=100.000) RuntimeGrid:None EditorOnly:0 RuntimeOnly:0 HLODRelevant:0 ListedInSceneOutliner:1 IsMainWorldOnly:0
 |   |   |- [+] [  5]
 |   |   |   |- Guid:287D0FDA4563E7B93EBAA7BF13E93E53 BaseClass:/Game/BluePrint/BP_MainCamera.BP_MainCamera_C NativeClass:/Script/Engine.CameraActor Name:BP_MainCamera_C_UAID_D843AE5530C1878902_1460208927 Label:BP_MainCamera SpatiallyLoaded:1 Bounds:IsValid=true, Min=(X=-240.000 Y=0.000 Z=50.000), Max=(X=-240.000 Y=0.000 Z=50.000) RuntimeGrid:None EditorOnly:0 RuntimeOnly:0 HLODRelevant:0 ListedInSceneOutliner:1 IsMainWorldOnly:0
 |   |   |- [+] [  6]
 |   |   |   |- Guid:2CE12F874AA39D020A0F4BA5739BD305 BaseClass: NativeClass:/Script/Engine.SkyAtmosphere Name:SkyAtmosphere_UAID_A85E45CFE40401D200_1470382762 Label:SkyAtmosphere SpatiallyLoaded:0 Bounds:IsValid=true, Min=(X=0.000 Y=0.000 Z=140.000), Max=(X=0.000 Y=0.000 Z=140.000) RuntimeGrid:None EditorOnly:0 RuntimeOnly:0 HLODRelevant:0 ListedInSceneOutliner:1 IsMainWorldOnly:0 FolderPath:Lighting FolderGuid:B7E9BD5B45A652654791988DEF54CCEB
 |   |   |- [+] [  7]
 |   |   |   |- Guid:41FB2C3C4ED690818E7022BC8DE0B54C BaseClass: NativeClass:/Script/Engine.StaticMeshActor Name:StaticMeshActor_UAID_D843AE5530C1188802_1698070335 Label:Plane SpatiallyLoaded:1 Bounds:IsValid=true, Min=(X=-50.000 Y=-50.000 Z=-0.000), Max=(X=50.000 Y=50.000 Z=0.000) RuntimeGrid:None EditorOnly:0 RuntimeOnly:0 HLODRelevant:1 ListedInSceneOutliner:1 IsMainWorldOnly:0
 |   |   |- [+] [  8]
 |   |   |   |- Guid:5368FABB47D6D9580DAECA8B0417BF92 BaseClass: NativeClass:/Script/Engine.WorldDataLayers Name:WorldDataLayers Label:WorldDataLayers-1 SpatiallyLoaded:0 Bounds:Invalid RuntimeGrid:None EditorOnly:0 RuntimeOnly:0 HLODRelevant:0 ListedInSceneOutliner:1 IsMainWorldOnly:1
 |   |   |- [+] [  9]
 |   |   |   |- Guid:962D6BE34E7839A2A94E65B8F6CE5D43 BaseClass: NativeClass:/Script/Engine.PlayerStart Name:PlayerStart_UAID_F02F74551BF5599B01_1153002503 Label:PlayerStart SpatiallyLoaded:0 Bounds:IsValid=true, Min=(X=-4.600 Y=-4.600 Z=9.420), Max=(X=4.600 Y=4.600 Z=30.580) RuntimeGrid:None EditorOnly:0 RuntimeOnly:0 HLODRelevant:0 ListedInSceneOutliner:1 IsMainWorldOnly:0 HLODLayer:/Game/Level/001_HLOD0_Instancing.001_HLOD0_Instancing
 |   |   |- [+] [ 10]
 |   |   |   |- Guid:AAAC6B5742760A58C2206DB37E44683C BaseClass: NativeClass:/Script/Engine.DirectionalLight Name:DirectionalLight_UAID_A85E45CFE40401D200_1470382761 Label:DirectionalLight SpatiallyLoaded:0 Bounds:Invalid RuntimeGrid:None EditorOnly:0 RuntimeOnly:0 HLODRelevant:0 ListedInSceneOutliner:1 IsMainWorldOnly:1 FolderPath:Lighting FolderGuid:B7E9BD5B45A652654791988DEF54CCEB
 |   |   |- [+] [ 11]
 |   |   |   |- Guid:AB3465D64D3BEA06C7C176A3DBBB87DB BaseClass: NativeClass:/Script/Engine.WorldPartitionHLOD Name:001_HLOD0_Instancing_00000000b3f6b0d5 Label:001_HLOD0_Instancing/001_MainGrid_0_0_0_0 SpatiallyLoaded:0 Bounds:IsValid=true, Min=(X=-50.000 Y=-50.000 Z=-0.000), Max=(X=50.000 Y=50.000 Z=100.000) RuntimeGrid:MainGrid:001_HLOD0_Instancing EditorOnly:0 RuntimeOnly:1 HLODRelevant:1 ListedInSceneOutliner:1 IsMainWorldOnly:0 FolderPath:HLOD/001_HLOD0_Instancing FolderGuid:743EA9A54B6993C94634CE9E6059A527
 |   |   |- [+] [ 12]
 |   |   |   |- Guid:D3FB7383421AAEFD3DB6F8B1E415A9FE BaseClass: NativeClass:/Script/Engine.ExponentialHeightFog Name:ExponentialHeightFog_UAID_A85E45CFE40401D200_1470382763 Label:ExponentialHeightFog SpatiallyLoaded:0 Bounds:IsValid=true, Min=(X=0.000 Y=0.000 Z=180.000), Max=(X=0.000 Y=0.000 Z=180.000) RuntimeGrid:None EditorOnly:0 RuntimeOnly:0 HLODRelevant:0 ListedInSceneOutliner:1 IsMainWorldOnly:0 FolderPath:Lighting FolderGuid:B7E9BD5B45A652654791988DEF54CCEB
 |- ContainerInstances:
 |- [+] MainContainer:
 |   |-        ID: 00000000000000000000000000000000
 |   |-  ParentID: 00000000000000000000000000000000
 |   |-    Bounds: IsValid=true, Min=(X=-50.000 Y=-50.000 Z=-0.000), Max=(X=50.000 Y=50.000 Z=100.000)
 |   |- Transform: 0.000000,0.000000,0.000000|0.000000,0.000000,-0.000000|1.000000,1.000000,1.000000
 |   |- Container: /Game/Level/001
----------------------------------------------------------------------------------------------------------------
001 - Persistent Level
----------------------------------------------------------------------------------------------------------------
[+] Content of 001 Persistent Level
 |- Always loaded Actor Count: 11 
 |- Actor Path: /Game/Level/001.001:PersistentLevel.001_HLOD0_Instancing_00000000b3f6b0d5
 |- Actor Package: /Game/__ExternalActors__/Level/001/A/NT/UYK53SMR9ES2N9632YKV1A
 |- Actor Path: /Game/Level/001.001:PersistentLevel.BP_MainCamera_C_UAID_D843AE5530C1878902_1460208927
 |- Actor Package: /Game/__ExternalActors__/Level/001/6/P3/QKOL8WVKC5USXE3TTDYS9O
 |- Actor Path: /Game/Level/001.001:PersistentLevel.DirectionalLight_UAID_A85E45CFE40401D200_1470382761
 |- Actor Package: /Game/__ExternalActors__/Level/001/E/SO/APF03YXUZRODWMK7NMQCCU
 |- Actor Path: /Game/Level/001.001:PersistentLevel.ExponentialHeightFog_UAID_A85E45CFE40401D200_1470382763
 |- Actor Package: /Game/__ExternalActors__/Level/001/9/YR/TETBP2HRBDIGZYZ20KNID5
 |- Actor Path: /Game/Level/001.001:PersistentLevel.Landscape_UAID_A85E45CFE404FBD100_1221515703
 |- Actor Package: /Game/__ExternalActors__/Level/001/7/4Y/HI4GLRXIAWUIN3TGA86901
 |- Actor Path: /Game/Level/001.001:PersistentLevel.PlayerStart_UAID_F02F74551BF5599B01_1153002503
 |- Actor Package: /Game/__ExternalActors__/Level/001/6/II/0YTHYPF9VNFMUK3ZP3VKS1
 |- Actor Path: /Game/Level/001.001:PersistentLevel.SkyAtmosphere_UAID_A85E45CFE40401D200_1470382762
 |- Actor Package: /Game/__ExternalActors__/Level/001/B/9F/P818O4DVFBV97LXQQT7PP6
 |- Actor Path: /Game/Level/001.001:PersistentLevel.SkyLight_UAID_A85E45CFE40401D200_1470380759
 |- Actor Package: /Game/__ExternalActors__/Level/001/9/RA/1J50NPX1NMWIXNRXOBIQRH
 |- Actor Path: /Game/Level/001.001:PersistentLevel.StaticMeshActor_UAID_A4AE111137DC54FB00_1240666663
 |- Actor Package: /Game/__ExternalActors__/Level/001/9/IV/7819FDSG1OE7VQOV9EWVME
 |- Actor Path: /Game/Level/001.001:PersistentLevel.VolumetricCloud_UAID_A85E45CFE40401D200_1470381760
 |- Actor Package: /Game/__ExternalActors__/Level/001/2/BP/N60M979IUA6MYKR5RXG4WQ
 |- Actor Path: /Game/Level/001.001:PersistentLevel.WorldDataLayers
 |- Actor Package: /Game/__ExternalActors__/Level/001/B/0Q/DB7JJ50E43O39M79K3Z8QU

----------------------------------------------------------------------------------------------------------------
001 - Runtime Hash Set
----------------------------------------------------------------------------------------------------------------
[+] Content of Cell 001_MainGrid_0_0_0_0 (9J0VLBX531SVR16SSA2ZQP1Y8)
 |- Actor Count: 2
 |- [+] /Game/Level/001.001:PersistentLevel.StaticMeshActor_UAID_D843AE5530C1188802_1808997336
 |   |-         Package: /Game/__ExternalActors__/Level/001/8/TL/25GFY8VK3X7MKYGO35EAAZ
 |   |-     Editor Only: 0
 |   |-   Instance Guid: 062DA80C41D913B191CEAAA045BF7CC9
 |   |- [+] Container:
 |   |   |-        ID: 00000000000000000000000000000000
 |   |   |- Transform: 0.000000,0.000000,0.000000|0.000000,0.000000,-0.000000|1.000000,1.000000,1.000000
 |- [+] /Game/Level/001.001:PersistentLevel.StaticMeshActor_UAID_D843AE5530C1188802_1698070335
 |   |-         Package: /Game/__ExternalActors__/Level/001/0/XX/LVIAM5WQNRYYNT8BRHP9Y5
 |   |-     Editor Only: 0
 |   |-   Instance Guid: 41FB2C3C4ED690818E7022BC8DE0B54C
 |   |- [+] Container:
 |   |   |-        ID: 00000000000000000000000000000000
 |   |   |- Transform: 0.000000,0.000000,0.000000|0.000000,0.000000,-0.000000|1.000000,1.000000,1.000000

